# JRE version: 7.0_25-b17
# Java VM: Java HotSpot(TM) Client VM (23.25-b01 mixed mode windows-x86 )
Heap
 def new generation   total 4928K, used 4027K [0x03a30000, 0x03f80000, 0x08f80000)
  eden space 4416K,  80% used [0x03a30000, 0x03daa2c0, 0x03e80000)
  from space 512K,  91% used [0x03f00000, 0x03f74c98, 0x03f80000)
  to   space 512K,   0% used [0x03e80000, 0x03e80000, 0x03f00000)
 tenured generation   total 10944K, used 5324K [0x08f80000, 0x09a30000, 0x13a30000)
   the space 10944K,  48% used [0x08f80000, 0x094b32f0, 0x094b3400, 0x09a30000)
 compacting perm gen  total 12288K, used 6973K [0x13a30000, 0x14630000, 0x17a30000)
   the space 12288K,  56% used [0x13a30000, 0x140ff760, 0x140ff800, 0x14630000)
GC Heap History (6 events):
Event: 3.812 GC heap before
{Heap before GC invocations=0 (full 0):
 def new generation   total 4928K, used 4416K [0x03a30000, 0x03f80000, 0x08f80000)
  eden space 4416K, 100% used [0x03a30000, 0x03e80000, 0x03e80000)
  from space 512K,   0% used [0x03e80000, 0x03e80000, 0x03f00000)
  to   space 512K,   0% used [0x03f00000, 0x03f00000, 0x03f80000)
 tenured generation   total 10944K, used 0K [0x08f80000, 0x09a30000, 0x13a30000)
   the space 10944K,   0% used [0x08f80000, 0x08f80000, 0x08f80200, 0x09a30000)
 compacting perm gen  total 12288K, used 6356K [0x13a30000, 0x14630000, 0x17a30000)
   the space 12288K,  51% used [0x13a30000, 0x14065348, 0x14065400, 0x14630000)
No shared spaces configured.
Event: 3.821 GC heap after
Heap after GC invocations=1 (full 0):
 def new generation   total 4928K, used 512K [0x03a30000, 0x03f80000, 0x08f80000)
  eden space 4416K,   0% used [0x03a30000, 0x03a30000, 0x03e80000)
  from space 512K, 100% used [0x03f00000, 0x03f80000, 0x03f80000)
  to   space 512K,   0% used [0x03e80000, 0x03e80000, 0x03f00000)
 tenured generation   total 10944K, used 1872K [0x08f80000, 0x09a30000, 0x13a30000)
   the space 10944K,  17% used [0x08f80000, 0x09154148, 0x09154200, 0x09a30000)
 compacting perm gen  total 12288K, used 6356K [0x13a30000, 0x14630000, 0x17a30000)
   the space 12288K,  51% used [0x13a30000, 0x14065348, 0x14065400, 0x14630000)
No shared spaces configured.
}
Event: 3.924 GC heap before
{Heap before GC invocations=1 (full 0):
 def new generation   total 4928K, used 4806K [0x03a30000, 0x03f80000, 0x08f80000)
  eden space 4416K,  97% used [0x03a30000, 0x03e618c0, 0x03e80000)
  from space 512K, 100% used [0x03f00000, 0x03f80000, 0x03f80000)
  to   space 512K,   0% used [0x03e80000, 0x03e80000, 0x03f00000)
 tenured generation   total 10944K, used 1872K [0x08f80000, 0x09a30000, 0x13a30000)
   the space 10944K,  17% used [0x08f80000, 0x09154148, 0x09154200, 0x09a30000)
 compacting perm gen  total 12288K, used 6454K [0x13a30000, 0x14630000, 0x17a30000)
   the space 12288K,  52% used [0x13a30000, 0x1407d830, 0x1407da00, 0x14630000)
No shared spaces configured.
Event: 3.929 GC heap after
Heap after GC invocations=2 (full 0):
 def new generation   total 4928K, used 470K [0x03a30000, 0x03f80000, 0x08f80000)
  eden space 4416K,   0% used [0x03a30000, 0x03a30000, 0x03e80000)
  from space 512K,  91% used [0x03e80000, 0x03ef5bc8, 0x03f00000)
  to   space 512K,   0% used [0x03f00000, 0x03f00000, 0x03f80000)
 tenured generation   total 10944K, used 3929K [0x08f80000, 0x09a30000, 0x13a30000)
   the space 10944K,  35% used [0x08f80000, 0x09356578, 0x09356600, 0x09a30000)
 compacting perm gen  total 12288K, used 6454K [0x13a30000, 0x14630000, 0x17a30000)
   the space 12288K,  52% used [0x13a30000, 0x1407d830, 0x1407da00, 0x14630000)
No shared spaces configured.
}
Event: 4.080 GC heap before
{Heap before GC invocations=2 (full 0):
 def new generation   total 4928K, used 4886K [0x03a30000, 0x03f80000, 0x08f80000)
  eden space 4416K, 100% used [0x03a30000, 0x03e80000, 0x03e80000)
  from space 512K,  91% used [0x03e80000, 0x03ef5bc8, 0x03f00000)
  to   space 512K,   0% used [0x03f00000, 0x03f00000, 0x03f80000)
 tenured generation   total 10944K, used 3929K [0x08f80000, 0x09a30000, 0x13a30000)
   the space 10944K,  35% used [0x08f80000, 0x09356578, 0x09356600, 0x09a30000)
 compacting perm gen  total 12288K, used 6534K [0x13a30000, 0x14630000, 0x17a30000)
   the space 12288K,  53% used [0x13a30000, 0x14091818, 0x14091a00, 0x14630000)
No shared spaces configured.
Event: 4.084 GC heap after
Heap after GC invocations=3 (full 0):
 def new generation   total 4928K, used 467K [0x03a30000, 0x03f80000, 0x08f80000)
  eden space 4416K,   0% used [0x03a30000, 0x03a30000, 0x03e80000)
  from space 512K,  91% used [0x03f00000, 0x03f74c98, 0x03f80000)
  to   space 512K,   0% used [0x03e80000, 0x03e80000, 0x03f00000)
 tenured generation   total 10944K, used 5324K [0x08f80000, 0x09a30000, 0x13a30000)
   the space 10944K,  48% used [0x08f80000, 0x094b32f0, 0x094b3400, 0x09a30000)
 compacting perm gen  total 12288K, used 6534K [0x13a30000, 0x14630000, 0x17a30000)
   the space 12288K,  53% used [0x13a30000, 0x14091818, 0x14091a00, 0x14630000)
No shared spaces configured.
}

